  pch.cpp
D:\Education\Operation Systems and System Programming\4 Lab\DatabasePhoneDirectory\CInfo.h(26,17): warning C4251: Address::tel: class "std::basic_string<char,std::char_traits<char>,std::allocator<char>>" должен иметь dll-интерфейс для использования клиентами class "Address"
C:\Program Files (x86)\Microsoft Visual Studio\2019\Community\VC\Tools\MSVC\14.28.29333\include\xstring(4648): message : см. объявление "std::basic_string<char,std::char_traits<char>,std::allocator<char>>"
D:\Education\Operation Systems and System Programming\4 Lab\DatabasePhoneDirectory\CInfo.h(27,21): warning C4251: Address::surname: class "std::basic_string<char,std::char_traits<char>,std::allocator<char>>" должен иметь dll-интерфейс для использования клиентами class "Address"
C:\Program Files (x86)\Microsoft Visual Studio\2019\Community\VC\Tools\MSVC\14.28.29333\include\xstring(4648): message : см. объявление "std::basic_string<char,std::char_traits<char>,std::allocator<char>>"
D:\Education\Operation Systems and System Programming\4 Lab\DatabasePhoneDirectory\CInfo.h(28,18): warning C4251: Address::name: class "std::basic_string<char,std::char_traits<char>,std::allocator<char>>" должен иметь dll-интерфейс для использования клиентами class "Address"
C:\Program Files (x86)\Microsoft Visual Studio\2019\Community\VC\Tools\MSVC\14.28.29333\include\xstring(4648): message : см. объявление "std::basic_string<char,std::char_traits<char>,std::allocator<char>>"
D:\Education\Operation Systems and System Programming\4 Lab\DatabasePhoneDirectory\CInfo.h(29,24): warning C4251: Address::fatherName: class "std::basic_string<char,std::char_traits<char>,std::allocator<char>>" должен иметь dll-интерфейс для использования клиентами class "Address"
C:\Program Files (x86)\Microsoft Visual Studio\2019\Community\VC\Tools\MSVC\14.28.29333\include\xstring(4648): message : см. объявление "std::basic_string<char,std::char_traits<char>,std::allocator<char>>"
D:\Education\Operation Systems and System Programming\4 Lab\DatabasePhoneDirectory\CInfo.h(30,20): warning C4251: Address::street: class "std::basic_string<char,std::char_traits<char>,std::allocator<char>>" должен иметь dll-интерфейс для использования клиентами class "Address"
C:\Program Files (x86)\Microsoft Visual Studio\2019\Community\VC\Tools\MSVC\14.28.29333\include\xstring(4648): message : см. объявление "std::basic_string<char,std::char_traits<char>,std::allocator<char>>"
  CInfo.cpp
D:\Education\Operation Systems and System Programming\4 Lab\DatabasePhoneDirectory\CInfo.h(26,17): warning C4251: Address::tel: class "std::basic_string<char,std::char_traits<char>,std::allocator<char>>" должен иметь dll-интерфейс для использования клиентами class "Address"
C:\Program Files (x86)\Microsoft Visual Studio\2019\Community\VC\Tools\MSVC\14.28.29333\include\xstring(4648): message : см. объявление "std::basic_string<char,std::char_traits<char>,std::allocator<char>>"
D:\Education\Operation Systems and System Programming\4 Lab\DatabasePhoneDirectory\CInfo.h(27,21): warning C4251: Address::surname: class "std::basic_string<char,std::char_traits<char>,std::allocator<char>>" должен иметь dll-интерфейс для использования клиентами class "Address"
C:\Program Files (x86)\Microsoft Visual Studio\2019\Community\VC\Tools\MSVC\14.28.29333\include\xstring(4648): message : см. объявление "std::basic_string<char,std::char_traits<char>,std::allocator<char>>"
D:\Education\Operation Systems and System Programming\4 Lab\DatabasePhoneDirectory\CInfo.h(28,18): warning C4251: Address::name: class "std::basic_string<char,std::char_traits<char>,std::allocator<char>>" должен иметь dll-интерфейс для использования клиентами class "Address"
C:\Program Files (x86)\Microsoft Visual Studio\2019\Community\VC\Tools\MSVC\14.28.29333\include\xstring(4648): message : см. объявление "std::basic_string<char,std::char_traits<char>,std::allocator<char>>"
D:\Education\Operation Systems and System Programming\4 Lab\DatabasePhoneDirectory\CInfo.h(29,24): warning C4251: Address::fatherName: class "std::basic_string<char,std::char_traits<char>,std::allocator<char>>" должен иметь dll-интерфейс для использования клиентами class "Address"
C:\Program Files (x86)\Microsoft Visual Studio\2019\Community\VC\Tools\MSVC\14.28.29333\include\xstring(4648): message : см. объявление "std::basic_string<char,std::char_traits<char>,std::allocator<char>>"
D:\Education\Operation Systems and System Programming\4 Lab\DatabasePhoneDirectory\CInfo.h(30,20): warning C4251: Address::street: class "std::basic_string<char,std::char_traits<char>,std::allocator<char>>" должен иметь dll-интерфейс для использования клиентами class "Address"
C:\Program Files (x86)\Microsoft Visual Studio\2019\Community\VC\Tools\MSVC\14.28.29333\include\xstring(4648): message : см. объявление "std::basic_string<char,std::char_traits<char>,std::allocator<char>>"
  dllmain.cpp
  Создание кода...
     Создается библиотека D:\Education\Operation Systems and System Programming\4 Lab\PhoneDirectory\x64\Debug\DatabasePhoneDirectory.lib и объект D:\Education\Operation Systems and System Programming\4 Lab\PhoneDirectory\x64\Debug\DatabasePhoneDirectory.exp
  DatabasePhoneDirectory.vcxproj -> D:\Education\Operation Systems and System Programming\4 Lab\PhoneDirectory\x64\Debug\DatabasePhoneDirectory.dll
